f:\playground\assassin-playground\ctsvetkov\minh_nguyen\zlibcompression\zlib-1.2.8\contrib\vstudio\vc11\x86\zlibstatdebug\tmp\zutil.obj
f:\playground\assassin-playground\ctsvetkov\minh_nguyen\zlibcompression\zlib-1.2.8\contrib\vstudio\vc11\x86\zlibstatdebug\tmp\zip.obj
f:\playground\assassin-playground\ctsvetkov\minh_nguyen\zlibcompression\zlib-1.2.8\contrib\vstudio\vc11\x86\zlibstatdebug\tmp\unzip.obj
f:\playground\assassin-playground\ctsvetkov\minh_nguyen\zlibcompression\zlib-1.2.8\contrib\vstudio\vc11\x86\zlibstatdebug\tmp\uncompr.obj
f:\playground\assassin-playground\ctsvetkov\minh_nguyen\zlibcompression\zlib-1.2.8\contrib\vstudio\vc11\x86\zlibstatdebug\tmp\trees.obj
f:\playground\assassin-playground\ctsvetkov\minh_nguyen\zlibcompression\zlib-1.2.8\contrib\vstudio\vc11\x86\zlibstatdebug\tmp\ioapi.obj
f:\playground\assassin-playground\ctsvetkov\minh_nguyen\zlibcompression\zlib-1.2.8\contrib\vstudio\vc11\x86\zlibstatdebug\tmp\inftrees.obj
f:\playground\assassin-playground\ctsvetkov\minh_nguyen\zlibcompression\zlib-1.2.8\contrib\vstudio\vc11\x86\zlibstatdebug\tmp\inflate.obj
f:\playground\assassin-playground\ctsvetkov\minh_nguyen\zlibcompression\zlib-1.2.8\contrib\vstudio\vc11\x86\zlibstatdebug\tmp\inffast.obj
f:\playground\assassin-playground\ctsvetkov\minh_nguyen\zlibcompression\zlib-1.2.8\contrib\vstudio\vc11\x86\zlibstatdebug\tmp\infback.obj
f:\playground\assassin-playground\ctsvetkov\minh_nguyen\zlibcompression\zlib-1.2.8\contrib\vstudio\vc11\x86\zlibstatdebug\tmp\gzwrite.obj
f:\playground\assassin-playground\ctsvetkov\minh_nguyen\zlibcompression\zlib-1.2.8\contrib\vstudio\vc11\x86\zlibstatdebug\tmp\gzread.obj
f:\playground\assassin-playground\ctsvetkov\minh_nguyen\zlibcompression\zlib-1.2.8\contrib\vstudio\vc11\x86\zlibstatdebug\tmp\gzlib.obj
f:\playground\assassin-playground\ctsvetkov\minh_nguyen\zlibcompression\zlib-1.2.8\contrib\vstudio\vc11\x86\zlibstatdebug\tmp\gzclose.obj
f:\playground\assassin-playground\ctsvetkov\minh_nguyen\zlibcompression\zlib-1.2.8\contrib\vstudio\vc11\x86\zlibstatdebug\tmp\deflate.obj
f:\playground\assassin-playground\ctsvetkov\minh_nguyen\zlibcompression\zlib-1.2.8\contrib\vstudio\vc11\x86\zlibstatdebug\tmp\crc32.obj
f:\playground\assassin-playground\ctsvetkov\minh_nguyen\zlibcompression\zlib-1.2.8\contrib\vstudio\vc11\x86\zlibstatdebug\tmp\compress.obj
f:\playground\assassin-playground\ctsvetkov\minh_nguyen\zlibcompression\zlib-1.2.8\contrib\vstudio\vc11\x86\zlibstatdebug\tmp\adler32.obj
f:\playground\assassin-playground\ctsvetkov\minh_nguyen\zlibcompression\zlib-1.2.8\contrib\vstudio\vc11\x86\zlibstatdebug\zlibstat.lib
f:\playground\assassin-playground\ctsvetkov\minh_nguyen\zlibcompression\zlib-1.2.8\contrib\vstudio\vc11\x86\zlibstatdebug\tmp\zlib.res
f:\playground\assassin-playground\ctsvetkov\minh_nguyen\zlibcompression\zlib-1.2.8\contrib\vstudio\vc11\x86\zlibstatdebug\tmp\zlibstat.tlog\cl.command.1.tlog
f:\playground\assassin-playground\ctsvetkov\minh_nguyen\zlibcompression\zlib-1.2.8\contrib\vstudio\vc11\x86\zlibstatdebug\tmp\zlibstat.tlog\cl.read.1.tlog
f:\playground\assassin-playground\ctsvetkov\minh_nguyen\zlibcompression\zlib-1.2.8\contrib\vstudio\vc11\x86\zlibstatdebug\tmp\zlibstat.tlog\cl.write.1.tlog
f:\playground\assassin-playground\ctsvetkov\minh_nguyen\zlibcompression\zlib-1.2.8\contrib\vstudio\vc11\x86\zlibstatdebug\tmp\zlibstat.tlog\lib-link-cvtres.read.1.tlog
f:\playground\assassin-playground\ctsvetkov\minh_nguyen\zlibcompression\zlib-1.2.8\contrib\vstudio\vc11\x86\zlibstatdebug\tmp\zlibstat.tlog\lib-link-cvtres.write.1.tlog
f:\playground\assassin-playground\ctsvetkov\minh_nguyen\zlibcompression\zlib-1.2.8\contrib\vstudio\vc11\x86\zlibstatdebug\tmp\zlibstat.tlog\lib.command.1.tlog
f:\playground\assassin-playground\ctsvetkov\minh_nguyen\zlibcompression\zlib-1.2.8\contrib\vstudio\vc11\x86\zlibstatdebug\tmp\zlibstat.tlog\rc.command.1.tlog
f:\playground\assassin-playground\ctsvetkov\minh_nguyen\zlibcompression\zlib-1.2.8\contrib\vstudio\vc11\x86\zlibstatdebug\tmp\zlibstat.tlog\rc.read.1.tlog
f:\playground\assassin-playground\ctsvetkov\minh_nguyen\zlibcompression\zlib-1.2.8\contrib\vstudio\vc11\x86\zlibstatdebug\tmp\zlibstat.tlog\rc.write.1.tlog
